2025-01-06 08:09:46,847 INFO com.cambodiapostbank.accountonline.AccountOnlineApplication [restartedMain] Starting AccountOnlineApplication using Java 1.8.0_202 on GIT-SODA with PID 11752 (D:\sodaIT\CPBank\Project\In-House Development\Java\account-online\account-online-v3\FrontEnd\account-online\target\classes started by soda.kroes in D:\sodaIT\CPBank\Project\In-House Development\Java\account-online\account-online-v3\FrontEnd\account-online)
2025-01-06 08:09:46,852 DEBUG com.cambodiapostbank.accountonline.AccountOnlineApplication [restartedMain] Running with Spring Boot v2.7.10, Spring v5.3.26
2025-01-06 08:09:46,852 INFO com.cambodiapostbank.accountonline.AccountOnlineApplication [restartedMain] No active profile set, falling back to 1 default profile: "default"
2025-01-06 08:09:50,606 INFO com.cambodiapostbank.accountonline.AccountOnlineApplication [restartedMain] Started AccountOnlineApplication in 4.36 seconds (JVM running for 6.228)
2025-01-06 08:10:42,931 INFO com.cambodiapostbank.accountonline.AccountOnlineApplication [restartedMain] Starting AccountOnlineApplication using Java 1.8.0_202 on GIT-SODA with PID 11752 (D:\sodaIT\CPBank\Project\In-House Development\Java\account-online\account-online-v3\FrontEnd\account-online\target\classes started by soda.kroes in D:\sodaIT\CPBank\Project\In-House Development\Java\account-online\account-online-v3\FrontEnd\account-online)
2025-01-06 08:10:42,932 DEBUG com.cambodiapostbank.accountonline.AccountOnlineApplication [restartedMain] Running with Spring Boot v2.7.10, Spring v5.3.26
2025-01-06 08:10:42,932 INFO com.cambodiapostbank.accountonline.AccountOnlineApplication [restartedMain] No active profile set, falling back to 1 default profile: "default"
2025-01-06 08:10:44,736 INFO com.cambodiapostbank.accountonline.AccountOnlineApplication [restartedMain] Started AccountOnlineApplication in 1.902 seconds (JVM running for 60.039)
2025-01-06 08:10:46,144 INFO com.cambodiapostbank.accountonline.cpbank.controller.HomeController [http-nio-8095-exec-7] errorCode: 1
2025-01-06 08:10:46,146 INFO com.cambodiapostbank.accountonline.cpbank.controller.HomeController [http-nio-8095-exec-7] errorMsg: System Is Ok.
2025-01-06 08:14:18,665 INFO com.cambodiapostbank.accountonline.AccountOnlineApplication [restartedMain] Starting AccountOnlineApplication using Java 1.8.0_202 on GIT-SODA with PID 10908 (D:\sodaIT\CPBank\Project\In-House Development\Java\account-online\account-online-v3\FrontEnd\account-online\target\classes started by soda.kroes in D:\sodaIT\CPBank\Project\In-House Development\Java\account-online\account-online-v3\FrontEnd\account-online)
2025-01-06 08:14:18,669 DEBUG com.cambodiapostbank.accountonline.AccountOnlineApplication [restartedMain] Running with Spring Boot v2.7.10, Spring v5.3.26
2025-01-06 08:14:18,671 INFO com.cambodiapostbank.accountonline.AccountOnlineApplication [restartedMain] No active profile set, falling back to 1 default profile: "default"
2025-01-06 08:14:22,093 INFO com.cambodiapostbank.accountonline.AccountOnlineApplication [restartedMain] Started AccountOnlineApplication in 4.111 seconds (JVM running for 6.228)
2025-01-06 08:14:26,360 INFO com.cambodiapostbank.accountonline.cpbank.controller.HomeController [http-nio-8095-exec-1] errorCode: 1
2025-01-06 08:14:26,360 INFO com.cambodiapostbank.accountonline.cpbank.controller.HomeController [http-nio-8095-exec-1] errorMsg: System Is Ok.
2025-01-06 08:16:36,765 INFO com.cambodiapostbank.accountonline.AccountOnlineApplication [restartedMain] Starting AccountOnlineApplication using Java 1.8.0_202 on GIT-SODA with PID 3736 (D:\sodaIT\CPBank\Project\In-House Development\Java\account-online\account-online-v3\FrontEnd\account-online\target\classes started by soda.kroes in D:\sodaIT\CPBank\Project\In-House Development\Java\account-online\account-online-v3\FrontEnd\account-online)
2025-01-06 08:16:36,770 DEBUG com.cambodiapostbank.accountonline.AccountOnlineApplication [restartedMain] Running with Spring Boot v2.7.10, Spring v5.3.26
2025-01-06 08:16:36,771 INFO com.cambodiapostbank.accountonline.AccountOnlineApplication [restartedMain] No active profile set, falling back to 1 default profile: "default"
2025-01-06 08:16:40,401 INFO com.cambodiapostbank.accountonline.AccountOnlineApplication [restartedMain] Started AccountOnlineApplication in 4.402 seconds (JVM running for 6.255)
2025-01-06 08:16:52,175 INFO com.cambodiapostbank.accountonline.cpbank.controller.HomeController [http-nio-8095-exec-1] errorCode: 1
2025-01-06 08:16:52,175 INFO com.cambodiapostbank.accountonline.cpbank.controller.HomeController [http-nio-8095-exec-1] errorMsg: System Is Ok.
2025-01-06 08:17:16,834 INFO com.cambodiapostbank.accountonline.cpbank.controller.HomeController [http-nio-8095-exec-3] errorCode: 1
2025-01-06 08:17:16,835 INFO com.cambodiapostbank.accountonline.cpbank.controller.HomeController [http-nio-8095-exec-3] errorMsg: System Is Ok.
2025-01-06 08:17:24,337 INFO com.cambodiapostbank.accountonline.cpbank.controller.eKYC_Controller [http-nio-8095-exec-5] ========> ExtractNID
2025-01-06 08:17:47,132 INFO com.cambodiapostbank.accountonline.cpbank.controller.VerifyOTPController [http-nio-8095-exec-6] Send OTP: {"phone":"010987001","Text":"","App":"0"}
